<?xml version="1.0" encoding="UTF-8"?>
<testng-results ignored="0" total="1" passed="1" failed="0" skipped="0">
  <reporter-output>
  </reporter-output>
  <suite started-at="2024-09-04T23:38:43 IST" name="Default suite" finished-at="2024-09-04T23:38:43 IST" duration-ms="52">
    <groups>
    </groups>
    <test started-at="2024-09-04T23:38:43 IST" name="Default test" finished-at="2024-09-04T23:38:43 IST" duration-ms="52">
      <class name="com.webAutomation.streamTest">
        <test-method signature="streamCollect()[pri:0, instance:com.webAutomation.streamTest@76505305]" started-at="2024-09-04T23:38:43 IST" name="streamCollect" finished-at="2024-09-04T23:38:43 IST" duration-ms="10" status="PASS">
          <reporter-output>
          </reporter-output>
        </test-method> <!-- streamCollect -->
      </class> <!-- com.webAutomation.streamTest -->
    </test> <!-- Default test -->
  </suite> <!-- Default suite -->
</testng-results>
